blah
$GPRMC,011832.800,V,,,,,0.00,0.00,060180,,,N*43
$GPVTG,0.00,T,,M,0.00,N,0.00,K,N*32
$GPGGA,011832.800,,,,,0,0,,,M,,M,,*49
$GPGSA,A,1,,,,,,,,,,,,,,,*1E
$GPGSV,1,1,00*79
$GPGLL,,,,,011832.800,V,N*7B
$GPTXT,01,01,02,ANTSTATUS=OPEN*2B
$GPRMC,011833.800,V,,,,,0.00,0.00,060180,,,N*42
$GPVTG,0.00,T,,M,0.00,N,0.00,K,N*32
$GPGGA,011833.800,,,,,0,0,,,M,,M,,*48
$GPGSA,A,1,,,,,,,,,,,,,,,*1E
$GPGSV,1,1,00*79
$GPGLL,,,,,011833.800,V,N*7A
$GPTXT,01,01,02,ANTSTATUS=OPEN*2B
$GPRMC,011834.800,V,,,,,0.00,0.00,060180,,,N*45
$GPVTG,0.00,T,,M,0.00,N,0.00,K,N*32
$GPGGA,011834.800,,,,,0,0,,,M,,M,,*4F
$GPGSA,A,1,,,,,,,,,,,,,,,*1E
$GPGSV,1,1,00*79
$GPGLL,,,,,011834.800,V,N*7D
$GPTXT,01,01,02,ANTSTATUS=OPEN*2B
$GPRMC,011835.800,V,,,,,0.00,0.00,060180,,,N*44
$GPVTG,0.00,T,,M,0.00,N,0.00,K,N*32
$GPGGA,011835.800,,,,,0,0,,,M,,M,,*4E
$GPGSA,A,1,,,,,,,,,,,,,,,*1E
$GPGSV,1,1,00*79
$GPGLL,,,,,011835.800,V,N*7C
$GPTXT,01,01,02,ANTSTATUS=OPEN*2B
$GPRMC,011836.800,V,,,,,0.00,0.00,060180,,,N*47
$GPVTG,0.00,T,,M,0.00,N,0.00,K,N*32
$GPGGA,011836.800,,,,,0,0,,,M,,M,,*4D
$GPGSA,A,1,,,,,,,,,,,,,,,*1E
$GPGSV,1,1,00*79
$GPGLL,,,,,011836.800,V,N*7F
$GPTXT,01,01,02,ANTSTATUS=OPEN*2B
$GPRMC,011837.800,V,,,,,0.00,0.00,060180,,,N*46
$GPVTG,0.00,T,,M,0.00,N,0.00,K,N*32
$GPGGA,011837.800,,,,,0,0,,,M,,M,,*4C
$GPGSA,A,1,,,,,,,,,,,,,,,*1E
$GPGSV,1,1,00*79
$GPGLL,,,,,011837.800,V,N*7E
$GPTXT,01,01,02,ANTSTATUS=OPEN*2B
$GPRMC,011838.800,V,,,,,0.00,0.00,060180,,,N*49
$GPVTG,0.00,T,,M,0.00,N,0.00,K,N*32
$GPGGA,011838.800,,,,,0,0,,,M,,M,,*43
$GPGSA,A,1,,,,,,,,,,,,,,,*1E
$GPGSV,1,1,00*79
$GPGLL,,,,,011838.800,V,N*71
$GPTXT,01,01,02,ANTSTATUS=OPEN*2B
$GPRMC,011839.800,V,,,,,0.00,0.00,060180,,,N*48
$GPVTG,0.00,T,,M,0.00,N,0.00,K,N*32
$GPGGA,011839.800,,,,,0,0,,,M,,M,,*42
$GPGSA,A,1,,,,,,,,,,,,,,,*1E
$GPGSV,1,1,00*79
$GPGLL,,,,,011839.800,V,N*70
$GPTXT,01,01,02,ANTSTATUS=OPEN*2B
$GPRMC,011840.800,V,,,,,0.00,0.00,060180,,,N*46
$GPVTG,0.00,T,,M,0.00,N,0.00,K,N*32
$GPGGA,011840.800,,,,,0,0,,,M,,M,,*4C
$GPGSA,A,1,,,,,,,,,,,,,,,*1E
$GPGSV,1,1,00*79
$GPGLL,,,,,011840.800,V,N*7E
$GPTXT,01,01,02,ANTSTATUS=OPEN*2B
$GPRMC,011841.800,V,,,,,0.00,0.00,060180,,,N*47
$GPVTG,0.00,T,,M,0.00,N,0.00,K,N*32
$GPGGA,011841.800,,,,,0,0,,,M,,M,,*4D
$GPGSA,A,1,,,,,,,,,,,,,,,*1E
$GPGSV,1,1,00*79
$GPGLL,,,,,011841.800,V,N*7F
$GPTXT,01,01,02,ANTSTATUS=OPEN*2B
$GPRMC,011842.800,V,,,,,0.00,0.00,060180,,,N*44
$GPVTG,0.00,T,,M,0.00,N,0.00,K,N*32
$GPGGA,011842.800,,,,,0,0,,,M,,M,,*4E
$GPGSA,A,1,,,,,,,,,,,,,,,*1E
$GPGSV,1,1,00*79
$GPGLL,,,,,011842.800,V,N*7C
$GPTXT,01,01,02,ANTSTATUS=OPEN*2B
$GPRMC,011843.800,V,,,,,0.00,0.00,060180,,,N*45
$GPVTG,0.00,T,,M,0.00,N,0.00,K,N*32
$GPGGA,011843.800,,,,,0,0,,,M,,M,,*4F
$GPGSA,A,1,,,,,,,,,,,,,,,*1E
$GPGSV,1,1,00*79
$GPGLL,,,,,011843.800,V,N*7D
$GPTXT,01,01,02,ANTSTATUS=OPEN*2B
$GPRMC,011844.800,V,,,,,0.00,0.00,060180,,,N*42
$GPVTG,0.00,T,,M,0.00,N,0.00,K,N*32
$GPGGA,011844.800,,,,,0,0,,,M,,M,,*48
$GPGSA,A,1,,,,,,,,,,,,,,,*1E
$GPGSV,1,1,00*79
$GPGLL,,,,,011844.800,V,N*7A
$GPTXT,01,01,02,ANTSTATUS=OPEN*2B
$GPRMC,011845.800,V,,,,,0.00,0.00,060180,,,N*43
$GPVTG,0.00,T,,M,0.00,N,0.00,K,N*32
$GPGGA,011845.800,,,,,0,0,,,M,,M,,*49
$GPGSA,A,1,,,,,,,,,,,,,,,*1E
$GPGSV,1,1,00*79
$GPGLL,,,,,011845.800,V,N*7B
$GPTXT,01,01,02,ANTSTATUS=OPEN*2B
$GPRMC,011846.800,V,,,,,0.00,0.00,060180,,,N*40
$GPVTG,0.00,T,,M,0.00,N,0.00,K,N*32
$GPGGA,011846.800,,,,,0,0,,,M,,M,,*4A
$GPGSA,A,1,,,,,,,,,,,,,,,*1E
$GPGSV,1,1,00*79
$GPGLL,,,,,011846.800,V,N*78
$GPTXT,01,01,02,ANTSTATUS=OPEN*2B
